0 info it worked if it ends with ok
1 verbose cli [ '/Users/liuhaibao/.nvm/versions/v6.3.0/bin/node',
1 verbose cli   '/Users/liuhaibao/.nvm/versions/v6.3.0/bin/npm',
1 verbose cli   'install' ]
2 info using npm@3.10.3
3 info using node@v6.3.0
4 silly loadCurrentTree Starting
5 silly install loadCurrentTree
6 silly install readLocalPackageData
7 silly install normalizeTree
8 silly loadCurrentTree Finishing
9 silly loadIdealTree Starting
10 silly install loadIdealTree
11 silly cloneCurrentTree Starting
12 silly install cloneCurrentTreeToIdealTree
13 silly cloneCurrentTree Finishing
14 silly loadShrinkwrap Starting
15 silly install loadShrinkwrap
16 silly loadShrinkwrap Finishing
17 silly loadAllDepsIntoIdealTree Starting
18 silly install loadAllDepsIntoIdealTree
19 silly loadAllDepsIntoIdealTree Finishing
20 silly loadIdealTree Finishing
21 silly currentTree cloud
21 silly currentTree ├── abbrev@1.0.9
21 silly currentTree ├── accepts@1.3.3
21 silly currentTree ├── acorn@1.2.2
21 silly currentTree ├── align-text@0.1.4
21 silly currentTree ├── amdefine@1.0.0
21 silly currentTree ├── ansi-color@0.2.1
21 silly currentTree ├── ansi-regex@2.0.0
21 silly currentTree ├── ansi-styles@2.2.1
21 silly currentTree ├── ansicolors@0.3.2
21 silly currentTree ├── anymatch@1.3.0
21 silly currentTree ├── anysort@1.0.1
21 silly currentTree ├── aproba@1.0.4
21 silly currentTree ├── are-we-there-yet@1.1.2
21 silly currentTree ├── arr-diff@2.0.0
21 silly currentTree ├── arr-flatten@1.0.1
21 silly currentTree ├── array-find-index@1.0.1
21 silly currentTree ├── array-flatten@1.1.1
21 silly currentTree ├── array-index@1.0.0
21 silly currentTree ├── array-unique@0.2.1
21 silly currentTree ├── arrify@1.0.1
21 silly currentTree ├── asap@1.0.0
21 silly currentTree ├── asn1.js@4.8.0
21 silly currentTree ├── asn1@0.2.3
21 silly currentTree ├── assert-plus@0.2.0
21 silly currentTree ├── assert@1.3.0
21 silly currentTree ├── async-each@1.0.1
21 silly currentTree ├── async-foreach@0.1.3
21 silly currentTree ├── async@0.2.10
21 silly currentTree ├── aws-sign2@0.6.0
21 silly currentTree ├── aws4@1.4.1
21 silly currentTree ├── babel-brunch@6.0.6
21 silly currentTree ├── babel-code-frame@6.11.0
21 silly currentTree ├── babel-core@6.14.0
21 silly currentTree ├── babel-generator@6.14.0
21 silly currentTree ├── babel-helper-builder-binary-assignment-operator-visitor@6.15.0
21 silly currentTree ├── babel-helper-call-delegate@6.8.0
21 silly currentTree ├── babel-helper-define-map@6.9.0
21 silly currentTree ├── babel-helper-explode-assignable-expression@6.8.0
21 silly currentTree ├── babel-helper-function-name@6.8.0
21 silly currentTree ├── babel-helper-get-function-arity@6.8.0
21 silly currentTree ├── babel-helper-hoist-variables@6.8.0
21 silly currentTree ├── babel-helper-optimise-call-expression@6.8.0
21 silly currentTree ├── babel-helper-regex@6.9.0
21 silly currentTree ├── babel-helper-replace-supers@6.14.0
21 silly currentTree ├── babel-helpers@6.8.0
21 silly currentTree ├── babel-messages@6.8.0
21 silly currentTree ├── babel-plugin-check-es2015-constants@6.8.0
21 silly currentTree ├── babel-plugin-syntax-async-functions@6.13.0
21 silly currentTree ├── babel-plugin-syntax-exponentiation-operator@6.13.0
21 silly currentTree ├── babel-plugin-transform-es2015-arrow-functions@6.8.0
21 silly currentTree ├── babel-plugin-transform-es2015-block-scoped-functions@6.8.0
21 silly currentTree ├── babel-plugin-transform-es2015-block-scoping@6.15.0
21 silly currentTree ├── babel-plugin-transform-es2015-classes@6.14.0
21 silly currentTree ├── babel-plugin-transform-es2015-computed-properties@6.8.0
21 silly currentTree ├── babel-plugin-transform-es2015-destructuring@6.9.0
21 silly currentTree ├── babel-plugin-transform-es2015-duplicate-keys@6.8.0
21 silly currentTree ├── babel-plugin-transform-es2015-for-of@6.8.0
21 silly currentTree ├── babel-plugin-transform-es2015-function-name@6.9.0
21 silly currentTree ├── babel-plugin-transform-es2015-literals@6.8.0
21 silly currentTree ├── babel-plugin-transform-es2015-modules-amd@6.8.0
21 silly currentTree ├── babel-plugin-transform-es2015-modules-commonjs@6.14.0
21 silly currentTree ├── babel-plugin-transform-es2015-modules-systemjs@6.14.0
21 silly currentTree ├── babel-plugin-transform-es2015-modules-umd@6.12.0
21 silly currentTree ├── babel-plugin-transform-es2015-object-super@6.8.0
21 silly currentTree ├── babel-plugin-transform-es2015-parameters@6.11.4
21 silly currentTree ├── babel-plugin-transform-es2015-shorthand-properties@6.8.0
21 silly currentTree ├── babel-plugin-transform-es2015-spread@6.8.0
21 silly currentTree ├── babel-plugin-transform-es2015-sticky-regex@6.8.0
21 silly currentTree ├── babel-plugin-transform-es2015-template-literals@6.8.0
21 silly currentTree ├── babel-plugin-transform-es2015-typeof-symbol@6.8.0
21 silly currentTree ├── babel-plugin-transform-es2015-unicode-regex@6.11.0
21 silly currentTree ├── babel-plugin-transform-exponentiation-operator@6.8.0
21 silly currentTree ├── babel-plugin-transform-regenerator@6.14.0
21 silly currentTree ├── babel-plugin-transform-strict-mode@6.11.3
21 silly currentTree ├── babel-preset-es2015@6.14.0
21 silly currentTree ├── babel-preset-es2016@6.11.3
21 silly currentTree ├── babel-register@6.14.0
21 silly currentTree ├── babel-runtime@6.11.6
21 silly currentTree ├── babel-template@6.15.0
21 silly currentTree ├── babel-traverse@6.15.0
21 silly currentTree ├── babel-types@6.15.0
21 silly currentTree ├── babylon@6.9.1
21 silly currentTree ├── balanced-match@0.4.2
21 silly currentTree ├── base64-js@1.1.2
21 silly currentTree ├─┬ bcrypt-pbkdf@1.0.0
21 silly currentTree │ └── tweetnacl@0.14.3
21 silly currentTree ├── binary-extensions@1.6.0
21 silly currentTree ├─┬ bl@1.1.2
21 silly currentTree │ └── readable-stream@2.0.6
21 silly currentTree ├── block-stream@0.0.9
21 silly currentTree ├── bn.js@4.11.6
21 silly currentTree ├── boom@2.10.1
21 silly currentTree ├── bootstrap-material-design@0.5.9
21 silly currentTree ├── bootstrap-sass@3.3.7
21 silly currentTree ├── bootstrap@3.3.7
21 silly currentTree ├── bower-config@1.4.0
21 silly currentTree ├── brace-expansion@1.1.6
21 silly currentTree ├── braces@1.8.5
21 silly currentTree ├── brorand@1.0.5
21 silly currentTree ├── browser-resolve@1.11.2
21 silly currentTree ├── browserify-aes@1.0.6
21 silly currentTree ├── browserify-cipher@1.0.0
21 silly currentTree ├── browserify-des@1.0.0
21 silly currentTree ├── browserify-rsa@4.0.1
21 silly currentTree ├── browserify-sign@4.0.0
21 silly currentTree ├── brunch-skeletons@0.1.4
21 silly currentTree ├── brunch@2.7.4
21 silly currentTree ├── buffer-shims@1.0.0
21 silly currentTree ├── buffer-xor@1.0.3
21 silly currentTree ├── buffer@4.3.1
21 silly currentTree ├── builtin-modules@1.1.1
21 silly currentTree ├── builtin-status-codes@2.0.0
21 silly currentTree ├─┬ camelcase-keys@2.1.0
21 silly currentTree │ └── camelcase@2.1.1
21 silly currentTree ├── camelcase@1.2.1
21 silly currentTree ├── caseless@0.11.0
21 silly currentTree ├── cbify@1.0.0
21 silly currentTree ├── center-align@0.1.3
21 silly currentTree ├── chalk@1.1.3
21 silly currentTree ├── check-dependencies@0.12.3
21 silly currentTree ├── chokidar@1.4.3
21 silly currentTree ├── cipher-base@1.0.2
21 silly currentTree ├── clean-css-brunch@2.0.0
21 silly currentTree ├─┬ clean-css@3.4.19
21 silly currentTree │ ├── commander@2.8.1
21 silly currentTree │ └── source-map@0.4.4
21 silly currentTree ├─┬ cliui@2.1.0
21 silly currentTree │ └── wordwrap@0.0.2
21 silly currentTree ├── code-point-at@1.0.0
21 silly currentTree ├── coffee-script@1.10.0
21 silly currentTree ├── combined-stream@1.0.5
21 silly currentTree ├── commander@2.9.0
21 silly currentTree ├── commonjs-require-definition@0.5.0
21 silly currentTree ├── concat-map@0.0.1
21 silly currentTree ├── connect-slashes@1.3.1
21 silly currentTree ├── console-control-strings@1.1.0
21 silly currentTree ├── content-disposition@0.5.1
21 silly currentTree ├── content-type@1.0.2
21 silly currentTree ├── convert-source-map@1.3.0
21 silly currentTree ├── cookie-signature@1.0.6
21 silly currentTree ├── cookie@0.3.1
21 silly currentTree ├─┬ copycat-brunch@1.1.0
21 silly currentTree │ ├── loggy@0.2.2
21 silly currentTree │ └── quickly-copy-file@0.1.0
21 silly currentTree ├── core-js@2.4.1
21 silly currentTree ├── core-util-is@1.0.2
21 silly currentTree ├── create-ecdh@4.0.0
21 silly currentTree ├── create-hash@1.1.2
21 silly currentTree ├── create-hmac@1.1.4
21 silly currentTree ├── cross-spawn-async@2.2.4
21 silly currentTree ├── cryptiles@2.0.5
21 silly currentTree ├── crypto-browserify@3.11.0
21 silly currentTree ├── css-brunch@2.0.0
21 silly currentTree ├─┬ css-modules-loader-core@1.0.1
21 silly currentTree │ ├── postcss@5.1.2
21 silly currentTree │ └── supports-color@3.1.2
21 silly currentTree ├─┬ css-selector-tokenizer@0.6.0
21 silly currentTree │ └── regexpu-core@1.0.0
21 silly currentTree ├── cssesc@0.1.0
21 silly currentTree ├── currently-unhandled@0.4.1
21 silly currentTree ├── d@0.1.1
21 silly currentTree ├── daemonite-material@1.4.1
21 silly currentTree ├─┬ dashdash@1.14.0
21 silly currentTree │ └── assert-plus@1.0.0
21 silly currentTree ├── date-utils@1.2.21
21 silly currentTree ├── debug@2.2.0
21 silly currentTree ├── decamelize@1.2.0
21 silly currentTree ├── deep-assign@2.0.0
21 silly currentTree ├── defined@1.0.0
21 silly currentTree ├── delayed-stream@1.0.0
21 silly currentTree ├── delegates@1.0.0
21 silly currentTree ├── depd@1.1.0
21 silly currentTree ├── deppack@0.4.4
21 silly currentTree ├── des.js@1.0.0
21 silly currentTree ├── destroy@1.0.4
21 silly currentTree ├── detect-file@0.1.0
21 silly currentTree ├── detect-indent@3.0.1
21 silly currentTree ├── detective@4.3.1
21 silly currentTree ├── diffie-hellman@5.0.2
21 silly currentTree ├── domain-browser@1.1.7
21 silly currentTree ├── ecc-jsbn@0.1.1
21 silly currentTree ├── ee-first@1.1.1
21 silly currentTree ├── elliptic@6.3.1
21 silly currentTree ├── encodeurl@1.0.1
21 silly currentTree ├── error-ex@1.3.0
21 silly currentTree ├── es5-ext@0.10.12
21 silly currentTree ├── es6-iterator@2.0.0
21 silly currentTree ├── es6-symbol@3.1.0
21 silly currentTree ├── escape-html@1.0.3
21 silly currentTree ├── escape-string-regexp@1.0.5
21 silly currentTree ├── esprima@2.7.3
21 silly currentTree ├── esutils@2.0.2
21 silly currentTree ├── etag@1.7.0
21 silly currentTree ├── events@1.1.1
21 silly currentTree ├── evp_bytestokey@1.0.0
21 silly currentTree ├── expand-brackets@0.1.5
21 silly currentTree ├── expand-range@1.8.2
21 silly currentTree ├── expand-tilde@1.2.2
21 silly currentTree ├── express@4.14.0
21 silly currentTree ├── extend@3.0.0
21 silly currentTree ├── extglob@0.3.2
21 silly currentTree ├── extsprintf@1.0.2
21 silly currentTree ├── fast-levenshtein@1.1.4
21 silly currentTree ├── fastparse@1.1.1
21 silly currentTree ├── fcache@0.1.1
21 silly currentTree ├── filename-regex@2.0.0
21 silly currentTree ├── fill-range@2.2.3
21 silly currentTree ├── finalhandler@0.5.0
21 silly currentTree ├─┬ find-up@1.1.2
21 silly currentTree │ └── path-exists@2.1.0
21 silly currentTree ├── findup-sync@0.4.2
21 silly currentTree ├── fn-args@1.0.0
21 silly currentTree ├── for-in@0.1.5
21 silly currentTree ├── for-own@0.1.4
21 silly currentTree ├── forever-agent@0.6.1
21 silly currentTree ├─┬ form-data@1.0.1
21 silly currentTree │ └── async@2.0.1
21 silly currentTree ├── forwarded@0.1.0
21 silly currentTree ├── fresh@0.3.0
21 silly currentTree ├── fs-exists-sync@0.1.0
21 silly currentTree ├── fs-mode@1.0.1
21 silly currentTree ├── fs.realpath@1.0.0
21 silly currentTree ├─┬ fsevents@1.0.14
21 silly currentTree │ ├── abbrev@1.0.9
21 silly currentTree │ ├── ansi-regex@2.0.0
21 silly currentTree │ ├── ansi-styles@2.2.1
21 silly currentTree │ ├── aproba@1.0.4
21 silly currentTree │ ├── are-we-there-yet@1.1.2
21 silly currentTree │ ├── asn1@0.2.3
21 silly currentTree │ ├── assert-plus@0.2.0
21 silly currentTree │ ├── async@1.5.2
21 silly currentTree │ ├── aws-sign2@0.6.0
21 silly currentTree │ ├── aws4@1.4.1
21 silly currentTree │ ├── balanced-match@0.4.2
21 silly currentTree │ ├─┬ bl@1.1.2
21 silly currentTree │ │ └── readable-stream@2.0.6
21 silly currentTree │ ├── block-stream@0.0.9
21 silly currentTree │ ├── boom@2.10.1
21 silly currentTree │ ├── brace-expansion@1.1.5
21 silly currentTree │ ├── buffer-shims@1.0.0
21 silly currentTree │ ├── caseless@0.11.0
21 silly currentTree │ ├── chalk@1.1.3
21 silly currentTree │ ├── code-point-at@1.0.0
21 silly currentTree │ ├── combined-stream@1.0.5
21 silly currentTree │ ├── commander@2.9.0
21 silly currentTree │ ├── concat-map@0.0.1
21 silly currentTree │ ├── console-control-strings@1.1.0
21 silly currentTree │ ├── core-util-is@1.0.2
21 silly currentTree │ ├── cryptiles@2.0.5
21 silly currentTree │ ├─┬ dashdash@1.14.0
21 silly currentTree │ │ └── assert-plus@1.0.0
21 silly currentTree │ ├── debug@2.2.0
21 silly currentTree │ ├── deep-extend@0.4.1
21 silly currentTree │ ├── delayed-stream@1.0.0
21 silly currentTree │ ├── delegates@1.0.0
21 silly currentTree │ ├── ecc-jsbn@0.1.1
21 silly currentTree │ ├── escape-string-regexp@1.0.5
21 silly currentTree │ ├── extend@3.0.0
21 silly currentTree │ ├── extsprintf@1.0.2
21 silly currentTree │ ├── forever-agent@0.6.1
21 silly currentTree │ ├── form-data@1.0.0-rc4
21 silly currentTree │ ├── fs.realpath@1.0.0
21 silly currentTree │ ├── fstream-ignore@1.0.5
21 silly currentTree │ ├── fstream@1.0.10
21 silly currentTree │ ├── gauge@2.6.0
21 silly currentTree │ ├── generate-function@2.0.0
21 silly currentTree │ ├── generate-object-property@1.2.0
21 silly currentTree │ ├─┬ getpass@0.1.6
21 silly currentTree │ │ └── assert-plus@1.0.0
21 silly currentTree │ ├── glob@7.0.5
21 silly currentTree │ ├── graceful-fs@4.1.4
21 silly currentTree │ ├── graceful-readlink@1.0.1
21 silly currentTree │ ├── har-validator@2.0.6
21 silly currentTree │ ├── has-ansi@2.0.0
21 silly currentTree │ ├── has-color@0.1.7
21 silly currentTree │ ├── has-unicode@2.0.1
21 silly currentTree │ ├── hawk@3.1.3
21 silly currentTree │ ├── hoek@2.16.3
21 silly currentTree │ ├── http-signature@1.1.1
21 silly currentTree │ ├── inflight@1.0.5
21 silly currentTree │ ├── inherits@2.0.1
21 silly currentTree │ ├── ini@1.3.4
21 silly currentTree │ ├── is-fullwidth-code-point@1.0.0
21 silly currentTree │ ├── is-my-json-valid@2.13.1
21 silly currentTree │ ├── is-property@1.0.2
21 silly currentTree │ ├── is-typedarray@1.0.0
21 silly currentTree │ ├── isarray@1.0.0
21 silly currentTree │ ├── isstream@0.1.2
21 silly currentTree │ ├── jodid25519@1.0.2
21 silly currentTree │ ├── jsbn@0.1.0
21 silly currentTree │ ├── json-schema@0.2.2
21 silly currentTree │ ├── json-stringify-safe@5.0.1
21 silly currentTree │ ├── jsonpointer@2.0.0
21 silly currentTree │ ├── jsprim@1.3.0
21 silly currentTree │ ├── mime-db@1.23.0
21 silly currentTree │ ├── mime-types@2.1.11
21 silly currentTree │ ├── minimatch@3.0.2
21 silly currentTree │ ├── minimist@0.0.8
21 silly currentTree │ ├── mkdirp@0.5.1
21 silly currentTree │ ├── ms@0.7.1
21 silly currentTree │ ├── node-pre-gyp@0.6.29
21 silly currentTree │ ├── node-uuid@1.4.7
21 silly currentTree │ ├── nopt@3.0.6
21 silly currentTree │ ├── npmlog@3.1.2
21 silly currentTree │ ├── number-is-nan@1.0.0
21 silly currentTree │ ├── oauth-sign@0.8.2
21 silly currentTree │ ├── object-assign@4.1.0
21 silly currentTree │ ├── once@1.3.3
21 silly currentTree │ ├── path-is-absolute@1.0.0
21 silly currentTree │ ├── pinkie-promise@2.0.1
21 silly currentTree │ ├── pinkie@2.0.4
21 silly currentTree │ ├── process-nextick-args@1.0.7
21 silly currentTree │ ├── qs@6.2.0
21 silly currentTree │ ├─┬ rc@1.1.6
21 silly currentTree │ │ └── minimist@1.2.0
21 silly currentTree │ ├── readable-stream@2.1.4
21 silly currentTree │ ├── request@2.73.0
21 silly currentTree │ ├── rimraf@2.5.3
21 silly currentTree │ ├── semver@5.2.0
21 silly currentTree │ ├── set-blocking@2.0.0
21 silly currentTree │ ├── signal-exit@3.0.0
21 silly currentTree │ ├── sntp@1.0.9
21 silly currentTree │ ├─┬ sshpk@1.8.3
21 silly currentTree │ │ └── assert-plus@1.0.0
21 silly currentTree │ ├── string_decoder@0.10.31
21 silly currentTree │ ├── string-width@1.0.1
21 silly currentTree │ ├── stringstream@0.0.5
21 silly currentTree │ ├── strip-ansi@3.0.1
21 silly currentTree │ ├── strip-json-comments@1.0.4
21 silly currentTree │ ├── supports-color@2.0.0
21 silly currentTree │ ├── tar-pack@3.1.4
21 silly currentTree │ ├── tar@2.2.1
21 silly currentTree │ ├── tough-cookie@2.2.2
21 silly currentTree │ ├── tunnel-agent@0.4.3
21 silly currentTree │ ├── tweetnacl@0.13.3
21 silly currentTree │ ├── uid-number@0.0.6
21 silly currentTree │ ├── util-deprecate@1.0.2
21 silly currentTree │ ├── verror@1.3.6
21 silly currentTree │ ├── wide-align@1.1.0
21 silly currentTree │ ├── wrappy@1.0.2
21 silly currentTree │ └── xtend@4.0.1
21 silly currentTree ├── fstream@1.0.10
21 silly currentTree ├── gauge@2.6.0
21 silly currentTree ├── gaze@1.1.1
21 silly currentTree ├── generate-function@2.0.0
21 silly currentTree ├── generate-object-property@1.2.0
21 silly currentTree ├── get-caller-file@1.0.2
21 silly currentTree ├── get-stdin@4.0.1
21 silly currentTree ├─┬ getpass@0.1.6
21 silly currentTree │ └── assert-plus@1.0.0
21 silly currentTree ├── glob-base@0.3.0
21 silly currentTree ├── glob-parent@2.0.0
21 silly currentTree ├── glob@7.0.6
21 silly currentTree ├── global-modules@0.2.3
21 silly currentTree ├── global-prefix@0.1.4
21 silly currentTree ├── globals@8.18.0
21 silly currentTree ├─┬ globule@1.0.0
21 silly currentTree │ └── lodash@4.9.0
21 silly currentTree ├── graceful-fs@4.1.6
21 silly currentTree ├── graceful-readlink@1.0.1
21 silly currentTree ├── growl@1.8.1
21 silly currentTree ├── har-validator@2.0.6
21 silly currentTree ├── has-ansi@2.0.0
21 silly currentTree ├── has-color@0.1.7
21 silly currentTree ├── has-flag@1.0.0
21 silly currentTree ├── has-unicode@2.0.1
21 silly currentTree ├── hash.js@1.0.3
21 silly currentTree ├── hawk@3.1.3
21 silly currentTree ├── hoek@2.16.3
21 silly currentTree ├── home-or-tmp@1.0.0
21 silly currentTree ├── hosted-git-info@2.1.5
21 silly currentTree ├── http-errors@1.5.0
21 silly currentTree ├── http-signature@1.1.1
21 silly currentTree ├── https-browserify@0.0.1
21 silly currentTree ├── icss-replace-symbols@1.0.2
21 silly currentTree ├── ieee754@1.1.6
21 silly currentTree ├── in-publish@2.0.0
21 silly currentTree ├─┬ indent-string@2.1.0
21 silly currentTree │ └── repeating@2.0.1
21 silly currentTree ├── indexof@0.0.1
21 silly currentTree ├── inflight@1.0.5
21 silly currentTree ├── inherits@2.0.1
21 silly currentTree ├── ini@1.3.4
21 silly currentTree ├── init-skeleton@0.9.5
21 silly currentTree ├── invariant@2.2.1
21 silly currentTree ├── invert-kv@1.0.0
21 silly currentTree ├── ipaddr.js@1.1.1
21 silly currentTree ├── is-arrayish@0.2.1
21 silly currentTree ├── is-binary-path@1.0.1
21 silly currentTree ├── is-buffer@1.1.4
21 silly currentTree ├── is-builtin-module@1.0.0
21 silly currentTree ├── is-dotfile@1.0.2
21 silly currentTree ├── is-equal-shallow@0.1.3
21 silly currentTree ├── is-extendable@0.1.1
21 silly currentTree ├── is-extglob@1.0.0
21 silly currentTree ├── is-finite@1.0.1
21 silly currentTree ├── is-fullwidth-code-point@1.0.0
21 silly currentTree ├── is-glob@2.0.1
21 silly currentTree ├── is-my-json-valid@2.13.1
21 silly currentTree ├── is-number@2.1.0
21 silly currentTree ├── is-obj@1.0.1
21 silly currentTree ├── is-posix-bracket@0.1.1
21 silly currentTree ├── is-primitive@2.0.0
21 silly currentTree ├── is-property@1.0.2
21 silly currentTree ├── is-typedarray@1.0.0
21 silly currentTree ├── is-utf8@0.2.1
21 silly currentTree ├── is-windows@0.2.0
21 silly currentTree ├── isarray@1.0.0
21 silly currentTree ├── isexe@1.1.2
21 silly currentTree ├── isobject@2.1.0
21 silly currentTree ├── isstream@0.1.2
21 silly currentTree ├── javascript-brunch@2.0.0
21 silly currentTree ├── jodid25519@1.0.2
21 silly currentTree ├── jquery@3.1.0
21 silly currentTree ├── js-base64@2.1.9
21 silly currentTree ├── js-tokens@2.0.0
21 silly currentTree ├── jsbn@0.1.0
21 silly currentTree ├── jsesc@0.5.0
21 silly currentTree ├── json-schema@0.2.2
21 silly currentTree ├── json-stringify-safe@5.0.1
21 silly currentTree ├── json5@0.4.0
21 silly currentTree ├── jsonpointer@2.0.0
21 silly currentTree ├── jsprim@1.3.0
21 silly currentTree ├── kind-of@3.0.4
21 silly currentTree ├── lazy-cache@1.0.4
21 silly currentTree ├── lcid@1.0.0
21 silly currentTree ├── load-json-file@1.1.0
21 silly currentTree ├── lodash.assign@4.2.0
21 silly currentTree ├── lodash@4.15.0
21 silly currentTree ├── loggy@0.3.5
21 silly currentTree ├── longest@1.0.1
21 silly currentTree ├─┬ loose-envify@1.2.0
21 silly currentTree │ └── js-tokens@1.0.3
21 silly currentTree ├── loud-rejection@1.6.0
21 silly currentTree ├── lru-cache@4.0.1
21 silly currentTree ├── map-obj@1.0.1
21 silly currentTree ├── material-design-icons@3.0.1
21 silly currentTree ├── material-design-lite@1.2.1
21 silly currentTree ├── material-kit
21 silly currentTree ├── media-typer@0.3.0
21 silly currentTree ├── meow@3.7.0
21 silly currentTree ├── merge-descriptors@1.0.1
21 silly currentTree ├── methods@1.1.2
21 silly currentTree ├── micro-promisify@0.1.1
21 silly currentTree ├── micromatch@2.3.11
21 silly currentTree ├── miller-rabin@4.0.0
21 silly currentTree ├── mime-db@1.23.0
21 silly currentTree ├── mime-types@2.1.11
21 silly currentTree ├── mime@1.3.4
21 silly currentTree ├── minimalistic-assert@1.0.0
21 silly currentTree ├── minimatch@3.0.3
21 silly currentTree ├── minimist@1.2.0
21 silly currentTree ├─┬ mkdirp@0.5.1
21 silly currentTree │ └── minimist@0.0.8
21 silly currentTree ├── mout@1.0.0
21 silly currentTree ├── ms@0.7.1
21 silly currentTree ├── nan@2.4.0
21 silly currentTree ├── ncp@2.0.0
21 silly currentTree ├── negotiator@0.6.1
21 silly currentTree ├─┬ node-browser-modules@0.1.0
21 silly currentTree │ └── readable-stream@2.0.6
21 silly currentTree ├── node-gyp@3.4.0
21 silly currentTree ├── node-sass@3.7.0
21 silly currentTree ├── node-uuid@1.4.7
21 silly currentTree ├── nopt@3.0.6
21 silly currentTree ├── normalize-git-url@3.0.2
21 silly currentTree ├── normalize-package-data@2.3.5
21 silly currentTree ├── normalize-path@2.0.1
21 silly currentTree ├── npmlog@3.1.2
21 silly currentTree ├── number-is-nan@1.0.0
21 silly currentTree ├── oauth-sign@0.8.2
21 silly currentTree ├── object-assign@4.1.0
21 silly currentTree ├── object.omit@2.0.0
21 silly currentTree ├── on-finished@2.3.0
21 silly currentTree ├── once@1.3.3
21 silly currentTree ├─┬ optimist@0.6.1
21 silly currentTree │ └── minimist@0.0.10
21 silly currentTree ├── os-browserify@0.2.1
21 silly currentTree ├── os-homedir@1.0.1
21 silly currentTree ├── os-locale@1.4.0
21 silly currentTree ├── os-tmpdir@1.0.1
21 silly currentTree ├── osenv@0.1.3
21 silly currentTree ├── parse-asn1@5.0.0
21 silly currentTree ├── parse-glob@3.0.4
21 silly currentTree ├── parse-json@2.2.0
21 silly currentTree ├── parseurl@1.3.1
21 silly currentTree ├── path-array@1.0.1
21 silly currentTree ├── path-browserify@0.0.0
21 silly currentTree ├── path-exists@1.0.0
21 silly currentTree ├── path-is-absolute@1.0.0
21 silly currentTree ├── path-to-regexp@0.1.7
21 silly currentTree ├── path-type@1.1.0
21 silly currentTree ├── pbkdf2@3.0.4
21 silly currentTree ├── phoenix_html@2.6.1
21 silly currentTree ├── phoenix@1.2.1
21 silly currentTree ├── pify@2.3.0
21 silly currentTree ├── pinkie-promise@2.0.1
21 silly currentTree ├── pinkie@2.0.4
21 silly currentTree ├── postcss-modules-extract-imports@1.0.0
21 silly currentTree ├── postcss-modules-local-by-default@1.1.1
21 silly currentTree ├── postcss-modules-scope@1.0.2
21 silly currentTree ├── postcss-modules-values@1.2.2
21 silly currentTree ├── postcss-modules@0.4.1
21 silly currentTree ├─┬ postcss@5.0.21
21 silly currentTree │ └── supports-color@3.1.2
21 silly currentTree ├── preserve@0.2.0
21 silly currentTree ├── private@0.1.6
21 silly currentTree ├── process-nextick-args@1.0.7
21 silly currentTree ├── process@0.11.9
21 silly currentTree ├─┬ progeny@0.5.2
21 silly currentTree │ └── async-each@0.1.6
21 silly currentTree ├── promise@6.0.1
21 silly currentTree ├── proxy-addr@1.1.2
21 silly currentTree ├── pseudomap@1.0.2
21 silly currentTree ├── public-encrypt@4.0.0
21 silly currentTree ├── punycode@1.4.1
21 silly currentTree ├── pushserve@1.0.2
21 silly currentTree ├── qs@6.2.0
21 silly currentTree ├── querystring-es3@0.2.1
21 silly currentTree ├── querystring@0.2.0
21 silly currentTree ├── quickly-copy-file@1.0.0
21 silly currentTree ├── randomatic@1.1.5
21 silly currentTree ├── randombytes@2.0.3
21 silly currentTree ├── range-parser@1.2.0
21 silly currentTree ├── read-components@0.7.0
21 silly currentTree ├── read-pkg-up@1.0.1
21 silly currentTree ├── read-pkg@1.1.0
21 silly currentTree ├── readable-stream@2.1.5
21 silly currentTree ├── readdirp@2.1.0
21 silly currentTree ├── redent@1.0.0
21 silly currentTree ├── regenerate@1.3.1
21 silly currentTree ├── regenerator-runtime@0.9.5
21 silly currentTree ├── regex-cache@0.4.3
21 silly currentTree ├── regexpu-core@2.0.0
21 silly currentTree ├── regjsgen@0.2.0
21 silly currentTree ├── regjsparser@0.1.5
21 silly currentTree ├── repeat-element@1.1.2
21 silly currentTree ├── repeat-string@1.5.4
21 silly currentTree ├── repeating@1.1.3
21 silly currentTree ├── request@2.74.0
21 silly currentTree ├── require-directory@2.1.1
21 silly currentTree ├── require-main-filename@1.0.1
21 silly currentTree ├── resolve-dir@0.1.1
21 silly currentTree ├── resolve@1.1.7
21 silly currentTree ├── right-align@0.1.3
21 silly currentTree ├── rimraf@2.5.4
21 silly currentTree ├── ripemd160@1.0.1
21 silly currentTree ├── sass-brunch@2.6.3
21 silly currentTree ├─┬ sass-graph@2.1.2
21 silly currentTree │ ├── cliui@3.2.0
21 silly currentTree │ ├── window-size@0.2.0
21 silly currentTree │ └── yargs@4.8.1
21 silly currentTree ├── semver@5.3.0
21 silly currentTree ├── send@0.14.1
21 silly currentTree ├── serve-brunch@0.1.2
21 silly currentTree ├── serve-static@1.11.1
21 silly currentTree ├── set-blocking@2.0.0
21 silly currentTree ├── set-immediate-shim@1.0.1
21 silly currentTree ├── setprototypeof@1.0.1
21 silly currentTree ├── sha.js@2.4.5
21 silly currentTree ├── shebang-regex@1.0.0
21 silly currentTree ├── signal-exit@3.0.0
21 silly currentTree ├── since-app-start@0.1.0
21 silly currentTree ├── skemata@0.1.2
21 silly currentTree ├── slash@1.0.0
21 silly currentTree ├── sntp@1.0.9
21 silly currentTree ├─┬ source-map-support@0.2.10
21 silly currentTree │ └── source-map@0.1.32
21 silly currentTree ├── source-map@0.5.6
21 silly currentTree ├── spdx-correct@1.0.2
21 silly currentTree ├── spdx-expression-parse@1.0.3
21 silly currentTree ├── spdx-license-ids@1.2.2
21 silly currentTree ├─┬ sshpk@1.10.0
21 silly currentTree │ └── assert-plus@1.0.0
21 silly currentTree ├── statuses@1.3.0
21 silly currentTree ├── stream-browserify@2.0.1
21 silly currentTree ├── stream-http@2.1.1
21 silly currentTree ├── string_decoder@0.10.31
21 silly currentTree ├── string-hash@1.1.0
21 silly currentTree ├── string-width@1.0.2
21 silly currentTree ├── stringstream@0.0.5
21 silly currentTree ├── strip-ansi@3.0.1
21 silly currentTree ├── strip-bom@2.0.0
21 silly currentTree ├── strip-indent@1.0.1
21 silly currentTree ├── supports-color@2.0.0
21 silly currentTree ├── tar@2.2.1
21 silly currentTree ├── three@0.81.2
21 silly currentTree ├── timers-browserify@1.4.2
21 silly currentTree ├── to-arraybuffer@1.0.1
21 silly currentTree ├── to-fast-properties@1.0.2
21 silly currentTree ├── tough-cookie@2.3.1
21 silly currentTree ├── trim-newlines@1.0.0
21 silly currentTree ├─┬ true-case-path@1.0.2
21 silly currentTree │ └── glob@6.0.4
21 silly currentTree ├── tty-browserify@0.0.0
21 silly currentTree ├── tunnel-agent@0.4.3
21 silly currentTree ├── tweetnacl@0.13.3
21 silly currentTree ├── type-is@1.6.13
21 silly currentTree ├── uglify-js-brunch@2.0.1
21 silly currentTree ├── uglify-js@2.6.4
21 silly currentTree ├── uglify-to-browserify@1.0.2
21 silly currentTree ├── unpipe@1.0.0
21 silly currentTree ├── untildify@2.1.0
21 silly currentTree ├─┬ url@0.11.0
21 silly currentTree │ └── punycode@1.3.2
21 silly currentTree ├── user-home@1.1.1
21 silly currentTree ├── util-deprecate@1.0.2
21 silly currentTree ├── util@0.10.3
21 silly currentTree ├── utils-merge@1.0.0
21 silly currentTree ├── validate-npm-package-license@3.0.1
21 silly currentTree ├── vary@1.1.0
21 silly currentTree ├── verror@1.3.6
21 silly currentTree ├── vm-browserify@0.0.4
21 silly currentTree ├── which-module@1.0.0
21 silly currentTree ├── which@1.2.10
21 silly currentTree ├── wide-align@1.1.0
21 silly currentTree ├── window-size@0.1.0
21 silly currentTree ├── wordwrap@0.0.3
21 silly currentTree ├── wrap-ansi@2.0.0
21 silly currentTree ├── wrappy@1.0.2
21 silly currentTree ├── xtend@4.0.1
21 silly currentTree ├── y18n@3.2.1
21 silly currentTree ├── yallist@2.0.0
21 silly currentTree ├─┬ yargs-parser@2.4.1
21 silly currentTree │ └── camelcase@3.0.0
21 silly currentTree └── yargs@3.10.0
22 silly idealTree cloud
22 silly idealTree ├── abbrev@1.0.9
22 silly idealTree ├── accepts@1.3.3
22 silly idealTree ├── acorn@1.2.2
22 silly idealTree ├── align-text@0.1.4
22 silly idealTree ├── amdefine@1.0.0
22 silly idealTree ├── ansi-color@0.2.1
22 silly idealTree ├── ansi-regex@2.0.0
22 silly idealTree ├── ansi-styles@2.2.1
22 silly idealTree ├── ansicolors@0.3.2
22 silly idealTree ├── anymatch@1.3.0
22 silly idealTree ├── anysort@1.0.1
22 silly idealTree ├── aproba@1.0.4
22 silly idealTree ├── are-we-there-yet@1.1.2
22 silly idealTree ├── arr-diff@2.0.0
22 silly idealTree ├── arr-flatten@1.0.1
22 silly idealTree ├── array-find-index@1.0.1
22 silly idealTree ├── array-flatten@1.1.1
22 silly idealTree ├── array-index@1.0.0
22 silly idealTree ├── array-unique@0.2.1
22 silly idealTree ├── arrify@1.0.1
22 silly idealTree ├── asap@1.0.0
22 silly idealTree ├── asn1.js@4.8.0
22 silly idealTree ├── asn1@0.2.3
22 silly idealTree ├── assert-plus@0.2.0
22 silly idealTree ├── assert@1.3.0
22 silly idealTree ├── async-each@1.0.1
22 silly idealTree ├── async-foreach@0.1.3
22 silly idealTree ├── async@0.2.10
22 silly idealTree ├── aws-sign2@0.6.0
22 silly idealTree ├── aws4@1.4.1
22 silly idealTree ├── babel-brunch@6.0.6
22 silly idealTree ├── babel-code-frame@6.11.0
22 silly idealTree ├── babel-core@6.14.0
22 silly idealTree ├── babel-generator@6.14.0
22 silly idealTree ├── babel-helper-builder-binary-assignment-operator-visitor@6.15.0
22 silly idealTree ├── babel-helper-call-delegate@6.8.0
22 silly idealTree ├── babel-helper-define-map@6.9.0
22 silly idealTree ├── babel-helper-explode-assignable-expression@6.8.0
22 silly idealTree ├── babel-helper-function-name@6.8.0
22 silly idealTree ├── babel-helper-get-function-arity@6.8.0
22 silly idealTree ├── babel-helper-hoist-variables@6.8.0
22 silly idealTree ├── babel-helper-optimise-call-expression@6.8.0
22 silly idealTree ├── babel-helper-regex@6.9.0
22 silly idealTree ├── babel-helper-replace-supers@6.14.0
22 silly idealTree ├── babel-helpers@6.8.0
22 silly idealTree ├── babel-messages@6.8.0
22 silly idealTree ├── babel-plugin-check-es2015-constants@6.8.0
22 silly idealTree ├── babel-plugin-syntax-async-functions@6.13.0
22 silly idealTree ├── babel-plugin-syntax-exponentiation-operator@6.13.0
22 silly idealTree ├── babel-plugin-transform-es2015-arrow-functions@6.8.0
22 silly idealTree ├── babel-plugin-transform-es2015-block-scoped-functions@6.8.0
22 silly idealTree ├── babel-plugin-transform-es2015-block-scoping@6.15.0
22 silly idealTree ├── babel-plugin-transform-es2015-classes@6.14.0
22 silly idealTree ├── babel-plugin-transform-es2015-computed-properties@6.8.0
22 silly idealTree ├── babel-plugin-transform-es2015-destructuring@6.9.0
22 silly idealTree ├── babel-plugin-transform-es2015-duplicate-keys@6.8.0
22 silly idealTree ├── babel-plugin-transform-es2015-for-of@6.8.0
22 silly idealTree ├── babel-plugin-transform-es2015-function-name@6.9.0
22 silly idealTree ├── babel-plugin-transform-es2015-literals@6.8.0
22 silly idealTree ├── babel-plugin-transform-es2015-modules-amd@6.8.0
22 silly idealTree ├── babel-plugin-transform-es2015-modules-commonjs@6.14.0
22 silly idealTree ├── babel-plugin-transform-es2015-modules-systemjs@6.14.0
22 silly idealTree ├── babel-plugin-transform-es2015-modules-umd@6.12.0
22 silly idealTree ├── babel-plugin-transform-es2015-object-super@6.8.0
22 silly idealTree ├── babel-plugin-transform-es2015-parameters@6.11.4
22 silly idealTree ├── babel-plugin-transform-es2015-shorthand-properties@6.8.0
22 silly idealTree ├── babel-plugin-transform-es2015-spread@6.8.0
22 silly idealTree ├── babel-plugin-transform-es2015-sticky-regex@6.8.0
22 silly idealTree ├── babel-plugin-transform-es2015-template-literals@6.8.0
22 silly idealTree ├── babel-plugin-transform-es2015-typeof-symbol@6.8.0
22 silly idealTree ├── babel-plugin-transform-es2015-unicode-regex@6.11.0
22 silly idealTree ├── babel-plugin-transform-exponentiation-operator@6.8.0
22 silly idealTree ├── babel-plugin-transform-regenerator@6.14.0
22 silly idealTree ├── babel-plugin-transform-strict-mode@6.11.3
22 silly idealTree ├── babel-preset-es2015@6.14.0
22 silly idealTree ├── babel-preset-es2016@6.11.3
22 silly idealTree ├── babel-register@6.14.0
22 silly idealTree ├── babel-runtime@6.11.6
22 silly idealTree ├── babel-template@6.15.0
22 silly idealTree ├── babel-traverse@6.15.0
22 silly idealTree ├── babel-types@6.15.0
22 silly idealTree ├── babylon@6.9.1
22 silly idealTree ├── balanced-match@0.4.2
22 silly idealTree ├── base64-js@1.1.2
22 silly idealTree ├─┬ bcrypt-pbkdf@1.0.0
22 silly idealTree │ └── tweetnacl@0.14.3
22 silly idealTree ├── binary-extensions@1.6.0
22 silly idealTree ├─┬ bl@1.1.2
22 silly idealTree │ └── readable-stream@2.0.6
22 silly idealTree ├── block-stream@0.0.9
22 silly idealTree ├── bn.js@4.11.6
22 silly idealTree ├── boom@2.10.1
22 silly idealTree ├── bootstrap-material-design@0.5.9
22 silly idealTree ├── bootstrap-sass@3.3.7
22 silly idealTree ├── bootstrap@3.3.7
22 silly idealTree ├── bower-config@1.4.0
22 silly idealTree ├── brace-expansion@1.1.6
22 silly idealTree ├── braces@1.8.5
22 silly idealTree ├── brorand@1.0.5
22 silly idealTree ├── browser-resolve@1.11.2
22 silly idealTree ├── browserify-aes@1.0.6
22 silly idealTree ├── browserify-cipher@1.0.0
22 silly idealTree ├── browserify-des@1.0.0
22 silly idealTree ├── browserify-rsa@4.0.1
22 silly idealTree ├── browserify-sign@4.0.0
22 silly idealTree ├── brunch-skeletons@0.1.4
22 silly idealTree ├── brunch@2.7.4
22 silly idealTree ├── buffer-shims@1.0.0
22 silly idealTree ├── buffer-xor@1.0.3
22 silly idealTree ├── buffer@4.3.1
22 silly idealTree ├── builtin-modules@1.1.1
22 silly idealTree ├── builtin-status-codes@2.0.0
22 silly idealTree ├─┬ camelcase-keys@2.1.0
22 silly idealTree │ └── camelcase@2.1.1
22 silly idealTree ├── camelcase@1.2.1
22 silly idealTree ├── caseless@0.11.0
22 silly idealTree ├── cbify@1.0.0
22 silly idealTree ├── center-align@0.1.3
22 silly idealTree ├── chalk@1.1.3
22 silly idealTree ├── check-dependencies@0.12.3
22 silly idealTree ├── chokidar@1.4.3
22 silly idealTree ├── cipher-base@1.0.2
22 silly idealTree ├── clean-css-brunch@2.0.0
22 silly idealTree ├─┬ clean-css@3.4.19
22 silly idealTree │ ├── commander@2.8.1
22 silly idealTree │ └── source-map@0.4.4
22 silly idealTree ├─┬ cliui@2.1.0
22 silly idealTree │ └── wordwrap@0.0.2
22 silly idealTree ├── code-point-at@1.0.0
22 silly idealTree ├── coffee-script@1.10.0
22 silly idealTree ├── combined-stream@1.0.5
22 silly idealTree ├── commander@2.9.0
22 silly idealTree ├── commonjs-require-definition@0.5.0
22 silly idealTree ├── concat-map@0.0.1
22 silly idealTree ├── connect-slashes@1.3.1
22 silly idealTree ├── console-control-strings@1.1.0
22 silly idealTree ├── content-disposition@0.5.1
22 silly idealTree ├── content-type@1.0.2
22 silly idealTree ├── convert-source-map@1.3.0
22 silly idealTree ├── cookie-signature@1.0.6
22 silly idealTree ├── cookie@0.3.1
22 silly idealTree ├─┬ copycat-brunch@1.1.0
22 silly idealTree │ ├── loggy@0.2.2
22 silly idealTree │ └── quickly-copy-file@0.1.0
22 silly idealTree ├── core-js@2.4.1
22 silly idealTree ├── core-util-is@1.0.2
22 silly idealTree ├── create-ecdh@4.0.0
22 silly idealTree ├── create-hash@1.1.2
22 silly idealTree ├── create-hmac@1.1.4
22 silly idealTree ├── cross-spawn-async@2.2.4
22 silly idealTree ├── cryptiles@2.0.5
22 silly idealTree ├── crypto-browserify@3.11.0
22 silly idealTree ├── css-brunch@2.0.0
22 silly idealTree ├─┬ css-modules-loader-core@1.0.1
22 silly idealTree │ ├── postcss@5.1.2
22 silly idealTree │ └── supports-color@3.1.2
22 silly idealTree ├─┬ css-selector-tokenizer@0.6.0
22 silly idealTree │ └── regexpu-core@1.0.0
22 silly idealTree ├── cssesc@0.1.0
22 silly idealTree ├── currently-unhandled@0.4.1
22 silly idealTree ├── d@0.1.1
22 silly idealTree ├── daemonite-material@1.4.1
22 silly idealTree ├─┬ dashdash@1.14.0
22 silly idealTree │ └── assert-plus@1.0.0
22 silly idealTree ├── date-utils@1.2.21
22 silly idealTree ├── debug@2.2.0
22 silly idealTree ├── decamelize@1.2.0
22 silly idealTree ├── deep-assign@2.0.0
22 silly idealTree ├── defined@1.0.0
22 silly idealTree ├── delayed-stream@1.0.0
22 silly idealTree ├── delegates@1.0.0
22 silly idealTree ├── depd@1.1.0
22 silly idealTree ├── deppack@0.4.4
22 silly idealTree ├── des.js@1.0.0
22 silly idealTree ├── destroy@1.0.4
22 silly idealTree ├── detect-file@0.1.0
22 silly idealTree ├── detect-indent@3.0.1
22 silly idealTree ├── detective@4.3.1
22 silly idealTree ├── diffie-hellman@5.0.2
22 silly idealTree ├── domain-browser@1.1.7
22 silly idealTree ├── ecc-jsbn@0.1.1
22 silly idealTree ├── ee-first@1.1.1
22 silly idealTree ├── elliptic@6.3.1
22 silly idealTree ├── encodeurl@1.0.1
22 silly idealTree ├── error-ex@1.3.0
22 silly idealTree ├── es5-ext@0.10.12
22 silly idealTree ├── es6-iterator@2.0.0
22 silly idealTree ├── es6-symbol@3.1.0
22 silly idealTree ├── escape-html@1.0.3
22 silly idealTree ├── escape-string-regexp@1.0.5
22 silly idealTree ├── esprima@2.7.3
22 silly idealTree ├── esutils@2.0.2
22 silly idealTree ├── etag@1.7.0
22 silly idealTree ├── events@1.1.1
22 silly idealTree ├── evp_bytestokey@1.0.0
22 silly idealTree ├── expand-brackets@0.1.5
22 silly idealTree ├── expand-range@1.8.2
22 silly idealTree ├── expand-tilde@1.2.2
22 silly idealTree ├── express@4.14.0
22 silly idealTree ├── extend@3.0.0
22 silly idealTree ├── extglob@0.3.2
22 silly idealTree ├── extsprintf@1.0.2
22 silly idealTree ├── fast-levenshtein@1.1.4
22 silly idealTree ├── fastparse@1.1.1
22 silly idealTree ├── fcache@0.1.1
22 silly idealTree ├── filename-regex@2.0.0
22 silly idealTree ├── fill-range@2.2.3
22 silly idealTree ├── finalhandler@0.5.0
22 silly idealTree ├─┬ find-up@1.1.2
22 silly idealTree │ └── path-exists@2.1.0
22 silly idealTree ├── findup-sync@0.4.2
22 silly idealTree ├── fn-args@1.0.0
22 silly idealTree ├── for-in@0.1.5
22 silly idealTree ├── for-own@0.1.4
22 silly idealTree ├── forever-agent@0.6.1
22 silly idealTree ├─┬ form-data@1.0.1
22 silly idealTree │ └── async@2.0.1
22 silly idealTree ├── forwarded@0.1.0
22 silly idealTree ├── fresh@0.3.0
22 silly idealTree ├── fs-exists-sync@0.1.0
22 silly idealTree ├── fs-mode@1.0.1
22 silly idealTree ├── fs.realpath@1.0.0
22 silly idealTree ├─┬ fsevents@1.0.14
22 silly idealTree │ ├── abbrev@1.0.9
22 silly idealTree │ ├── ansi-regex@2.0.0
22 silly idealTree │ ├── ansi-styles@2.2.1
22 silly idealTree │ ├── aproba@1.0.4
22 silly idealTree │ ├── are-we-there-yet@1.1.2
22 silly idealTree │ ├── asn1@0.2.3
22 silly idealTree │ ├── assert-plus@0.2.0
22 silly idealTree │ ├── async@1.5.2
22 silly idealTree │ ├── aws-sign2@0.6.0
22 silly idealTree │ ├── aws4@1.4.1
22 silly idealTree │ ├── balanced-match@0.4.2
22 silly idealTree │ ├─┬ bl@1.1.2
22 silly idealTree │ │ └── readable-stream@2.0.6
22 silly idealTree │ ├── block-stream@0.0.9
22 silly idealTree │ ├── boom@2.10.1
22 silly idealTree │ ├── brace-expansion@1.1.5
22 silly idealTree │ ├── buffer-shims@1.0.0
22 silly idealTree │ ├── caseless@0.11.0
22 silly idealTree │ ├── chalk@1.1.3
22 silly idealTree │ ├── code-point-at@1.0.0
22 silly idealTree │ ├── combined-stream@1.0.5
22 silly idealTree │ ├── commander@2.9.0
22 silly idealTree │ ├── concat-map@0.0.1
22 silly idealTree │ ├── console-control-strings@1.1.0
22 silly idealTree │ ├── core-util-is@1.0.2
22 silly idealTree │ ├── cryptiles@2.0.5
22 silly idealTree │ ├─┬ dashdash@1.14.0
22 silly idealTree │ │ └── assert-plus@1.0.0
22 silly idealTree │ ├── debug@2.2.0
22 silly idealTree │ ├── deep-extend@0.4.1
22 silly idealTree │ ├── delayed-stream@1.0.0
22 silly idealTree │ ├── delegates@1.0.0
22 silly idealTree │ ├── ecc-jsbn@0.1.1
22 silly idealTree │ ├── escape-string-regexp@1.0.5
22 silly idealTree │ ├── extend@3.0.0
22 silly idealTree │ ├── extsprintf@1.0.2
22 silly idealTree │ ├── forever-agent@0.6.1
22 silly idealTree │ ├── form-data@1.0.0-rc4
22 silly idealTree │ ├── fs.realpath@1.0.0
22 silly idealTree │ ├── fstream-ignore@1.0.5
22 silly idealTree │ ├── fstream@1.0.10
22 silly idealTree │ ├── gauge@2.6.0
22 silly idealTree │ ├── generate-function@2.0.0
22 silly idealTree │ ├── generate-object-property@1.2.0
22 silly idealTree │ ├─┬ getpass@0.1.6
22 silly idealTree │ │ └── assert-plus@1.0.0
22 silly idealTree │ ├── glob@7.0.5
22 silly idealTree │ ├── graceful-fs@4.1.4
22 silly idealTree │ ├── graceful-readlink@1.0.1
22 silly idealTree │ ├── har-validator@2.0.6
22 silly idealTree │ ├── has-ansi@2.0.0
22 silly idealTree │ ├── has-color@0.1.7
22 silly idealTree │ ├── has-unicode@2.0.1
22 silly idealTree │ ├── hawk@3.1.3
22 silly idealTree │ ├── hoek@2.16.3
22 silly idealTree │ ├── http-signature@1.1.1
22 silly idealTree │ ├── inflight@1.0.5
22 silly idealTree │ ├── inherits@2.0.1
22 silly idealTree │ ├── ini@1.3.4
22 silly idealTree │ ├── is-fullwidth-code-point@1.0.0
22 silly idealTree │ ├── is-my-json-valid@2.13.1
22 silly idealTree │ ├── is-property@1.0.2
22 silly idealTree │ ├── is-typedarray@1.0.0
22 silly idealTree │ ├── isarray@1.0.0
22 silly idealTree │ ├── isstream@0.1.2
22 silly idealTree │ ├── jodid25519@1.0.2
22 silly idealTree │ ├── jsbn@0.1.0
22 silly idealTree │ ├── json-schema@0.2.2
22 silly idealTree │ ├── json-stringify-safe@5.0.1
22 silly idealTree │ ├── jsonpointer@2.0.0
22 silly idealTree │ ├── jsprim@1.3.0
22 silly idealTree │ ├── mime-db@1.23.0
22 silly idealTree │ ├── mime-types@2.1.11
22 silly idealTree │ ├── minimatch@3.0.2
22 silly idealTree │ ├── minimist@0.0.8
22 silly idealTree │ ├── mkdirp@0.5.1
22 silly idealTree │ ├── ms@0.7.1
22 silly idealTree │ ├── node-pre-gyp@0.6.29
22 silly idealTree │ ├── node-uuid@1.4.7
22 silly idealTree │ ├── nopt@3.0.6
22 silly idealTree │ ├── npmlog@3.1.2
22 silly idealTree │ ├── number-is-nan@1.0.0
22 silly idealTree │ ├── oauth-sign@0.8.2
22 silly idealTree │ ├── object-assign@4.1.0
22 silly idealTree │ ├── once@1.3.3
22 silly idealTree │ ├── path-is-absolute@1.0.0
22 silly idealTree │ ├── pinkie-promise@2.0.1
22 silly idealTree │ ├── pinkie@2.0.4
22 silly idealTree │ ├── process-nextick-args@1.0.7
22 silly idealTree │ ├── qs@6.2.0
22 silly idealTree │ ├─┬ rc@1.1.6
22 silly idealTree │ │ └── minimist@1.2.0
22 silly idealTree │ ├── readable-stream@2.1.4
22 silly idealTree │ ├── request@2.73.0
22 silly idealTree │ ├── rimraf@2.5.3
22 silly idealTree │ ├── semver@5.2.0
22 silly idealTree │ ├── set-blocking@2.0.0
22 silly idealTree │ ├── signal-exit@3.0.0
22 silly idealTree │ ├── sntp@1.0.9
22 silly idealTree │ ├─┬ sshpk@1.8.3
22 silly idealTree │ │ └── assert-plus@1.0.0
22 silly idealTree │ ├── string_decoder@0.10.31
22 silly idealTree │ ├── string-width@1.0.1
22 silly idealTree │ ├── stringstream@0.0.5
22 silly idealTree │ ├── strip-ansi@3.0.1
22 silly idealTree │ ├── strip-json-comments@1.0.4
22 silly idealTree │ ├── supports-color@2.0.0
22 silly idealTree │ ├── tar-pack@3.1.4
22 silly idealTree │ ├── tar@2.2.1
22 silly idealTree │ ├── tough-cookie@2.2.2
22 silly idealTree │ ├── tunnel-agent@0.4.3
22 silly idealTree │ ├── tweetnacl@0.13.3
22 silly idealTree │ ├── uid-number@0.0.6
22 silly idealTree │ ├── util-deprecate@1.0.2
22 silly idealTree │ ├── verror@1.3.6
22 silly idealTree │ ├── wide-align@1.1.0
22 silly idealTree │ ├── wrappy@1.0.2
22 silly idealTree │ └── xtend@4.0.1
22 silly idealTree ├── fstream@1.0.10
22 silly idealTree ├── gauge@2.6.0
22 silly idealTree ├── gaze@1.1.1
22 silly idealTree ├── generate-function@2.0.0
22 silly idealTree ├── generate-object-property@1.2.0
22 silly idealTree ├── get-caller-file@1.0.2
22 silly idealTree ├── get-stdin@4.0.1
22 silly idealTree ├─┬ getpass@0.1.6
22 silly idealTree │ └── assert-plus@1.0.0
22 silly idealTree ├── glob-base@0.3.0
22 silly idealTree ├── glob-parent@2.0.0
22 silly idealTree ├── glob@7.0.6
22 silly idealTree ├── global-modules@0.2.3
22 silly idealTree ├── global-prefix@0.1.4
22 silly idealTree ├── globals@8.18.0
22 silly idealTree ├─┬ globule@1.0.0
22 silly idealTree │ └── lodash@4.9.0
22 silly idealTree ├── graceful-fs@4.1.6
22 silly idealTree ├── graceful-readlink@1.0.1
22 silly idealTree ├── growl@1.8.1
22 silly idealTree ├── har-validator@2.0.6
22 silly idealTree ├── has-ansi@2.0.0
22 silly idealTree ├── has-color@0.1.7
22 silly idealTree ├── has-flag@1.0.0
22 silly idealTree ├── has-unicode@2.0.1
22 silly idealTree ├── hash.js@1.0.3
22 silly idealTree ├── hawk@3.1.3
22 silly idealTree ├── hoek@2.16.3
22 silly idealTree ├── home-or-tmp@1.0.0
22 silly idealTree ├── hosted-git-info@2.1.5
22 silly idealTree ├── http-errors@1.5.0
22 silly idealTree ├── http-signature@1.1.1
22 silly idealTree ├── https-browserify@0.0.1
22 silly idealTree ├── icss-replace-symbols@1.0.2
22 silly idealTree ├── ieee754@1.1.6
22 silly idealTree ├── in-publish@2.0.0
22 silly idealTree ├─┬ indent-string@2.1.0
22 silly idealTree │ └── repeating@2.0.1
22 silly idealTree ├── indexof@0.0.1
22 silly idealTree ├── inflight@1.0.5
22 silly idealTree ├── inherits@2.0.1
22 silly idealTree ├── ini@1.3.4
22 silly idealTree ├── init-skeleton@0.9.5
22 silly idealTree ├── invariant@2.2.1
22 silly idealTree ├── invert-kv@1.0.0
22 silly idealTree ├── ipaddr.js@1.1.1
22 silly idealTree ├── is-arrayish@0.2.1
22 silly idealTree ├── is-binary-path@1.0.1
22 silly idealTree ├── is-buffer@1.1.4
22 silly idealTree ├── is-builtin-module@1.0.0
22 silly idealTree ├── is-dotfile@1.0.2
22 silly idealTree ├── is-equal-shallow@0.1.3
22 silly idealTree ├── is-extendable@0.1.1
22 silly idealTree ├── is-extglob@1.0.0
22 silly idealTree ├── is-finite@1.0.1
22 silly idealTree ├── is-fullwidth-code-point@1.0.0
22 silly idealTree ├── is-glob@2.0.1
22 silly idealTree ├── is-my-json-valid@2.13.1
22 silly idealTree ├── is-number@2.1.0
22 silly idealTree ├── is-obj@1.0.1
22 silly idealTree ├── is-posix-bracket@0.1.1
22 silly idealTree ├── is-primitive@2.0.0
22 silly idealTree ├── is-property@1.0.2
22 silly idealTree ├── is-typedarray@1.0.0
22 silly idealTree ├── is-utf8@0.2.1
22 silly idealTree ├── is-windows@0.2.0
22 silly idealTree ├── isarray@1.0.0
22 silly idealTree ├── isexe@1.1.2
22 silly idealTree ├── isobject@2.1.0
22 silly idealTree ├── isstream@0.1.2
22 silly idealTree ├── javascript-brunch@2.0.0
22 silly idealTree ├── jodid25519@1.0.2
22 silly idealTree ├── jquery@3.1.0
22 silly idealTree ├── js-base64@2.1.9
22 silly idealTree ├── js-tokens@2.0.0
22 silly idealTree ├── jsbn@0.1.0
22 silly idealTree ├── jsesc@0.5.0
22 silly idealTree ├── json-schema@0.2.2
22 silly idealTree ├── json-stringify-safe@5.0.1
22 silly idealTree ├── json5@0.4.0
22 silly idealTree ├── jsonpointer@2.0.0
22 silly idealTree ├── jsprim@1.3.0
22 silly idealTree ├── kind-of@3.0.4
22 silly idealTree ├── lazy-cache@1.0.4
22 silly idealTree ├── lcid@1.0.0
22 silly idealTree ├── load-json-file@1.1.0
22 silly idealTree ├── lodash.assign@4.2.0
22 silly idealTree ├── lodash@4.15.0
22 silly idealTree ├── loggy@0.3.5
22 silly idealTree ├── longest@1.0.1
22 silly idealTree ├─┬ loose-envify@1.2.0
22 silly idealTree │ └── js-tokens@1.0.3
22 silly idealTree ├── loud-rejection@1.6.0
22 silly idealTree ├── lru-cache@4.0.1
22 silly idealTree ├── map-obj@1.0.1
22 silly idealTree ├── material-design-icons@3.0.1
22 silly idealTree ├── material-design-lite@1.2.1
22 silly idealTree ├── material-kit
22 silly idealTree ├── media-typer@0.3.0
22 silly idealTree ├── meow@3.7.0
22 silly idealTree ├── merge-descriptors@1.0.1
22 silly idealTree ├── methods@1.1.2
22 silly idealTree ├── micro-promisify@0.1.1
22 silly idealTree ├── micromatch@2.3.11
22 silly idealTree ├── miller-rabin@4.0.0
22 silly idealTree ├── mime-db@1.23.0
22 silly idealTree ├── mime-types@2.1.11
22 silly idealTree ├── mime@1.3.4
22 silly idealTree ├── minimalistic-assert@1.0.0
22 silly idealTree ├── minimatch@3.0.3
22 silly idealTree ├── minimist@1.2.0
22 silly idealTree ├─┬ mkdirp@0.5.1
22 silly idealTree │ └── minimist@0.0.8
22 silly idealTree ├── mout@1.0.0
22 silly idealTree ├── ms@0.7.1
22 silly idealTree ├── nan@2.4.0
22 silly idealTree ├── ncp@2.0.0
22 silly idealTree ├── negotiator@0.6.1
22 silly idealTree ├─┬ node-browser-modules@0.1.0
22 silly idealTree │ └── readable-stream@2.0.6
22 silly idealTree ├── node-gyp@3.4.0
22 silly idealTree ├── node-sass@3.7.0
22 silly idealTree ├── node-uuid@1.4.7
22 silly idealTree ├── nopt@3.0.6
22 silly idealTree ├── normalize-git-url@3.0.2
22 silly idealTree ├── normalize-package-data@2.3.5
22 silly idealTree ├── normalize-path@2.0.1
22 silly idealTree ├── npmlog@3.1.2
22 silly idealTree ├── number-is-nan@1.0.0
22 silly idealTree ├── oauth-sign@0.8.2
22 silly idealTree ├── object-assign@4.1.0
22 silly idealTree ├── object.omit@2.0.0
22 silly idealTree ├── on-finished@2.3.0
22 silly idealTree ├── once@1.3.3
22 silly idealTree ├─┬ optimist@0.6.1
22 silly idealTree │ └── minimist@0.0.10
22 silly idealTree ├── os-browserify@0.2.1
22 silly idealTree ├── os-homedir@1.0.1
22 silly idealTree ├── os-locale@1.4.0
22 silly idealTree ├── os-tmpdir@1.0.1
22 silly idealTree ├── osenv@0.1.3
22 silly idealTree ├── parse-asn1@5.0.0
22 silly idealTree ├── parse-glob@3.0.4
22 silly idealTree ├── parse-json@2.2.0
22 silly idealTree ├── parseurl@1.3.1
22 silly idealTree ├── path-array@1.0.1
22 silly idealTree ├── path-browserify@0.0.0
22 silly idealTree ├── path-exists@1.0.0
22 silly idealTree ├── path-is-absolute@1.0.0
22 silly idealTree ├── path-to-regexp@0.1.7
22 silly idealTree ├── path-type@1.1.0
22 silly idealTree ├── pbkdf2@3.0.4
22 silly idealTree ├── phoenix_html@2.6.1
22 silly idealTree ├── phoenix@1.2.1
22 silly idealTree ├── pify@2.3.0
22 silly idealTree ├── pinkie-promise@2.0.1
22 silly idealTree ├── pinkie@2.0.4
22 silly idealTree ├── postcss-modules-extract-imports@1.0.0
22 silly idealTree ├── postcss-modules-local-by-default@1.1.1
22 silly idealTree ├── postcss-modules-scope@1.0.2
22 silly idealTree ├── postcss-modules-values@1.2.2
22 silly idealTree ├── postcss-modules@0.4.1
22 silly idealTree ├─┬ postcss@5.0.21
22 silly idealTree │ └── supports-color@3.1.2
22 silly idealTree ├── preserve@0.2.0
22 silly idealTree ├── private@0.1.6
22 silly idealTree ├── process-nextick-args@1.0.7
22 silly idealTree ├── process@0.11.9
22 silly idealTree ├─┬ progeny@0.5.2
22 silly idealTree │ └── async-each@0.1.6
22 silly idealTree ├── promise@6.0.1
22 silly idealTree ├── proxy-addr@1.1.2
22 silly idealTree ├── pseudomap@1.0.2
22 silly idealTree ├── public-encrypt@4.0.0
22 silly idealTree ├── punycode@1.4.1
22 silly idealTree ├── pushserve@1.0.2
22 silly idealTree ├── qs@6.2.0
22 silly idealTree ├── querystring-es3@0.2.1
22 silly idealTree ├── querystring@0.2.0
22 silly idealTree ├── quickly-copy-file@1.0.0
22 silly idealTree ├── randomatic@1.1.5
22 silly idealTree ├── randombytes@2.0.3
22 silly idealTree ├── range-parser@1.2.0
22 silly idealTree ├── read-components@0.7.0
22 silly idealTree ├── read-pkg-up@1.0.1
22 silly idealTree ├── read-pkg@1.1.0
22 silly idealTree ├── readable-stream@2.1.5
22 silly idealTree ├── readdirp@2.1.0
22 silly idealTree ├── redent@1.0.0
22 silly idealTree ├── regenerate@1.3.1
22 silly idealTree ├── regenerator-runtime@0.9.5
22 silly idealTree ├── regex-cache@0.4.3
22 silly idealTree ├── regexpu-core@2.0.0
22 silly idealTree ├── regjsgen@0.2.0
22 silly idealTree ├── regjsparser@0.1.5
22 silly idealTree ├── repeat-element@1.1.2
22 silly idealTree ├── repeat-string@1.5.4
22 silly idealTree ├── repeating@1.1.3
22 silly idealTree ├── request@2.74.0
22 silly idealTree ├── require-directory@2.1.1
22 silly idealTree ├── require-main-filename@1.0.1
22 silly idealTree ├── resolve-dir@0.1.1
22 silly idealTree ├── resolve@1.1.7
22 silly idealTree ├── right-align@0.1.3
22 silly idealTree ├── rimraf@2.5.4
22 silly idealTree ├── ripemd160@1.0.1
22 silly idealTree ├── sass-brunch@2.6.3
22 silly idealTree ├─┬ sass-graph@2.1.2
22 silly idealTree │ ├── cliui@3.2.0
22 silly idealTree │ ├── window-size@0.2.0
22 silly idealTree │ └── yargs@4.8.1
22 silly idealTree ├── semver@5.3.0
22 silly idealTree ├── send@0.14.1
22 silly idealTree ├── serve-brunch@0.1.2
22 silly idealTree ├── serve-static@1.11.1
22 silly idealTree ├── set-blocking@2.0.0
22 silly idealTree ├── set-immediate-shim@1.0.1
22 silly idealTree ├── setprototypeof@1.0.1
22 silly idealTree ├── sha.js@2.4.5
22 silly idealTree ├── shebang-regex@1.0.0
22 silly idealTree ├── signal-exit@3.0.0
22 silly idealTree ├── since-app-start@0.1.0
22 silly idealTree ├── skemata@0.1.2
22 silly idealTree ├── slash@1.0.0
22 silly idealTree ├── sntp@1.0.9
22 silly idealTree ├─┬ source-map-support@0.2.10
22 silly idealTree │ └── source-map@0.1.32
22 silly idealTree ├── source-map@0.5.6
22 silly idealTree ├── spdx-correct@1.0.2
22 silly idealTree ├── spdx-expression-parse@1.0.3
22 silly idealTree ├── spdx-license-ids@1.2.2
22 silly idealTree ├─┬ sshpk@1.10.0
22 silly idealTree │ └── assert-plus@1.0.0
22 silly idealTree ├── statuses@1.3.0
22 silly idealTree ├── stream-browserify@2.0.1
22 silly idealTree ├── stream-http@2.1.1
22 silly idealTree ├── string_decoder@0.10.31
22 silly idealTree ├── string-hash@1.1.0
22 silly idealTree ├── string-width@1.0.2
22 silly idealTree ├── stringstream@0.0.5
22 silly idealTree ├── strip-ansi@3.0.1
22 silly idealTree ├── strip-bom@2.0.0
22 silly idealTree ├── strip-indent@1.0.1
22 silly idealTree ├── supports-color@2.0.0
22 silly idealTree ├── tar@2.2.1
22 silly idealTree ├── three@0.81.2
22 silly idealTree ├── timers-browserify@1.4.2
22 silly idealTree ├── to-arraybuffer@1.0.1
22 silly idealTree ├── to-fast-properties@1.0.2
22 silly idealTree ├── tough-cookie@2.3.1
22 silly idealTree ├── trim-newlines@1.0.0
22 silly idealTree ├─┬ true-case-path@1.0.2
22 silly idealTree │ └── glob@6.0.4
22 silly idealTree ├── tty-browserify@0.0.0
22 silly idealTree ├── tunnel-agent@0.4.3
22 silly idealTree ├── tweetnacl@0.13.3
22 silly idealTree ├── type-is@1.6.13
22 silly idealTree ├── uglify-js-brunch@2.0.1
22 silly idealTree ├── uglify-js@2.6.4
22 silly idealTree ├── uglify-to-browserify@1.0.2
22 silly idealTree ├── unpipe@1.0.0
22 silly idealTree ├── untildify@2.1.0
22 silly idealTree ├─┬ url@0.11.0
22 silly idealTree │ └── punycode@1.3.2
22 silly idealTree ├── user-home@1.1.1
22 silly idealTree ├── util-deprecate@1.0.2
22 silly idealTree ├── util@0.10.3
22 silly idealTree ├── utils-merge@1.0.0
22 silly idealTree ├── validate-npm-package-license@3.0.1
22 silly idealTree ├── vary@1.1.0
22 silly idealTree ├── verror@1.3.6
22 silly idealTree ├── vm-browserify@0.0.4
22 silly idealTree ├── which-module@1.0.0
22 silly idealTree ├── which@1.2.10
22 silly idealTree ├── wide-align@1.1.0
22 silly idealTree ├── window-size@0.1.0
22 silly idealTree ├── wordwrap@0.0.3
22 silly idealTree ├── wrap-ansi@2.0.0
22 silly idealTree ├── wrappy@1.0.2
22 silly idealTree ├── xtend@4.0.1
22 silly idealTree ├── y18n@3.2.1
22 silly idealTree ├── yallist@2.0.0
22 silly idealTree ├─┬ yargs-parser@2.4.1
22 silly idealTree │ └── camelcase@3.0.0
22 silly idealTree └── yargs@3.10.0
23 silly generateActionsToTake Starting
24 silly install generateActionsToTake
25 silly rollbackFailedOptional Starting
26 silly rollbackFailedOptional Finishing
27 silly runTopLevelLifecycles Starting
28 silly runTopLevelLifecycles Finishing
29 silly install printInstalled
30 verbose stack Error: /Users/liuhaibao/source/cloud/node_modules/material-kit: Appears to be a git repo or submodule.
30 verbose stack     at /Users/liuhaibao/.nvm/versions/v6.3.0/lib/node_modules/npm/node_modules/npm-install-checks/index.js:137:15
30 verbose stack     at FSReqWrap.oncomplete (fs.js:123:15)
31 verbose cwd /Users/liuhaibao/source/cloud
32 error Darwin 15.6.0
33 error argv "/Users/liuhaibao/.nvm/versions/v6.3.0/bin/node" "/Users/liuhaibao/.nvm/versions/v6.3.0/bin/npm" "install"
34 error node v6.3.0
35 error npm  v3.10.3
36 error path /Users/liuhaibao/source/cloud/node_modules/material-kit
37 error code EISGIT
38 error git /Users/liuhaibao/source/cloud/node_modules/material-kit: Appears to be a git repo or submodule.
39 error git /Users/liuhaibao/source/cloud/node_modules/material-kit
40 error git Refusing to remove it. Update manually,
40 error git or move it out of the way first.
41 verbose exit [ 1, true ]
